Using pre-set license
Built from '2021.3/staging' branch; Version is '2021.3.20f1 (577897200b8b) revision 5732503'; Using compiler version '192829333'; Build Type 'Release'
OS: 'Windows 11  (10.0.22000) 64bit Professional' Language: 'ko' Physical Memory: 16088 MB
BatchMode: 1, IsHumanControllingUs: 0, StartBugReporterOnCrash: 0, Is64bit: 1, IsPro: 1

COMMAND LINE ARGUMENTS:
C:\Program Files\Unity\Hub\Editor\2021.3.20f1\Editor\Unity.exe
-adb2
-batchMode
-noUpm
-name
AssetImportWorker2
-projectPath
C:/forGraduate/BalanceGame/BalanceGame
-logFile
Logs/AssetImportWorker2.log
-srvPort
57509
Successfully changed project path to: C:/forGraduate/BalanceGame/BalanceGame
C:/forGraduate/BalanceGame/BalanceGame
[UnityMemory] Configuration Parameters - Can be set up in boot.config
    "memorysetup-bucket-allocator-granularity=16"
    "memorysetup-bucket-allocator-bucket-count=8"
    "memorysetup-bucket-allocator-block-size=33554432"
    "memorysetup-bucket-allocator-block-count=8"
    "memorysetup-main-allocator-block-size=16777216"
    "memorysetup-thread-allocator-block-size=16777216"
    "memorysetup-gfx-main-allocator-block-size=16777216"
    "memorysetup-gfx-thread-allocator-block-size=16777216"
    "memorysetup-cache-allocator-block-size=4194304"
    "memorysetup-typetree-allocator-block-size=2097152"
    "memorysetup-profiler-bucket-allocator-granularity=16"
    "memorysetup-profiler-bucket-allocator-bucket-count=8"
    "memorysetup-profiler-bucket-allocator-block-size=33554432"
    "memorysetup-profiler-bucket-allocator-block-count=8"
    "memorysetup-profiler-allocator-block-size=16777216"
    "memorysetup-profiler-editor-allocator-block-size=1048576"
    "memorysetup-temp-allocator-size-main=16777216"
    "memorysetup-job-temp-allocator-block-size=2097152"
    "memorysetup-job-temp-allocator-block-size-background=1048576"
    "memorysetup-job-temp-allocator-reduction-small-platforms=262144"
    "memorysetup-temp-allocator-size-background-worker=32768"
    "memorysetup-temp-allocator-size-job-worker=262144"
    "memorysetup-temp-allocator-size-preload-manager=33554432"
    "memorysetup-temp-allocator-size-nav-mesh-worker=65536"
    "memorysetup-temp-allocator-size-audio-worker=65536"
    "memorysetup-temp-allocator-size-cloud-worker=32768"
    "memorysetup-temp-allocator-size-gi-baking-worker=262144"
    "memorysetup-temp-allocator-size-gfx=262144"
Player connection [19028] Host "[IP] 10.21.23.113 [Port] 0 [Flags] 2 [Guid] 1936618736 [EditorId] 1936618736 [Version] 1048832 [Id] WindowsEditor(7,DESKTOP-TaCiTa) [Debug] 1 [PackageName] WindowsEditor [ProjectName] Editor" joined multi-casting on [225.0.0.222:54997]...

Player connection [19028] Host "[IP] 10.21.23.113 [Port] 0 [Flags] 2 [Guid] 1936618736 [EditorId] 1936618736 [Version] 1048832 [Id] WindowsEditor(7,DESKTOP-TaCiTa) [Debug] 1 [PackageName] WindowsEditor [ProjectName] Editor" joined alternative multi-casting on [225.0.0.222:34997]...

Refreshing native plugins compatible for Editor in 89.67 ms, found 5 plugins.
Preloading 0 native plugins for Editor in 0.00 ms.
Initialize engine version: 2021.3.20f1 (577897200b8b)
[Subsystems] Discovering subsystems at path C:/Program Files/Unity/Hub/Editor/2021.3.20f1/Editor/Data/Resources/UnitySubsystems
[Subsystems] Discovering subsystems at path C:/forGraduate/BalanceGame/BalanceGame/Assets
GfxDevice: creating device client; threaded=0; jobified=0
Direct3D:
    Version:  Direct3D 11.0 [level 11.1]
    Renderer: NVIDIA GeForce RTX 3060 Laptop GPU (ID=0x2520)
    Vendor:   NVIDIA
    VRAM:     6009 MB
    Driver:   31.0.15.3118
Initialize mono
Mono path[0] = 'C:/Program Files/Unity/Hub/Editor/2021.3.20f1/Editor/Data/Managed'
Mono path[1] = 'C:/Program Files/Unity/Hub/Editor/2021.3.20f1/Editor/Data/MonoBleedingEdge/lib/mono/unityjit-win32'
Mono config path = 'C:/Program Files/Unity/Hub/Editor/2021.3.20f1/Editor/Data/MonoBleedingEdge/etc'
Using monoOptions --debugger-agent=transport=dt_socket,embedding=1,server=y,suspend=n,address=127.0.0.1:56668
Begin MonoManager ReloadAssembly
Registering precompiled unity dll's ...
Register platform support module: C:/Program Files/Unity/Hub/Editor/2021.3.20f1/Editor/Data/PlaybackEngines/AndroidPlayer/UnityEditor.Android.Extensions.dll
Register platform support module: C:/Program Files/Unity/Hub/Editor/2021.3.20f1/Editor/Data/PlaybackEngines/WindowsStandaloneSupport/UnityEditor.WindowsStandalone.Extensions.dll
Registered in 0.013319 seconds.
Native extension for WindowsStandalone target not found
Native extension for Android target not found
Android Extension - Scanning For ADB Devices 477 ms
Refreshing native plugins compatible for Editor in 79.49 ms, found 5 plugins.
Preloading 0 native plugins for Editor in 0.00 ms.
Mono: successfully reloaded assembly
- Completed reload, in  1.149 seconds
Domain Reload Profiling:
	ReloadAssembly (1150ms)
		BeginReloadAssembly (101ms)
			ExecutionOrderSort (0ms)
			DisableScriptedObjects (0ms)
			BackupInstance (0ms)
			ReleaseScriptingObjects (0ms)
			CreateAndSetChildDomain (1ms)
		EndReloadAssembly (941ms)
			LoadAssemblies (100ms)
			RebuildTransferFunctionScriptingTraits (0ms)
			SetupTypeCache (107ms)
			ReleaseScriptCaches (0ms)
			RebuildScriptCaches (23ms)
			SetupLoadedEditorAssemblies (753ms)
				LogAssemblyErrors (0ms)
				InitializePlatformSupportModulesInManaged (540ms)
				SetLoadedEditorAssemblies (0ms)
				RefreshPlugins (80ms)
				BeforeProcessingInitializeOnLoad (1ms)
				ProcessInitializeOnLoadAttributes (83ms)
				ProcessInitializeOnLoadMethodAttributes (48ms)
				AfterProcessingInitializeOnLoad (0ms)
				EditorAssembliesLoaded (0ms)
			ExecutionOrderSort2 (0ms)
			AwakeInstancesAfterBackupRestoration (0ms)
Platform modules already initialized, skipping
Registering precompiled user dll's ...
Registered in 0.007962 seconds.
Begin MonoManager ReloadAssembly
Symbol file LoadedFromMemory doesn't match image C:\forGraduate\BalanceGame\BalanceGame\Library\PackageCache\com.unity.visualscripting@1.8.0\Editor\VisualScripting.Core\Dependencies\YamlDotNet\Unity.VisualScripting.YamlDotNet.dll
Symbol file LoadedFromMemory doesn't match image C:\forGraduate\BalanceGame\BalanceGame\Library\PackageCache\com.unity.visualscripting@1.8.0\Editor\VisualScripting.Core\Dependencies\DotNetZip\Unity.VisualScripting.IonicZip.dll
Native extension for WindowsStandalone target not found
Native extension for Android target not found
Refreshing native plugins compatible for Editor in 0.51 ms, found 5 plugins.
Preloading 0 native plugins for Editor in 0.00 ms.
Mono: successfully reloaded assembly
- Completed reload, in  1.100 seconds
Domain Reload Profiling:
	ReloadAssembly (1101ms)
		BeginReloadAssembly (200ms)
			ExecutionOrderSort (0ms)
			DisableScriptedObjects (10ms)
			BackupInstance (0ms)
			ReleaseScriptingObjects (0ms)
			CreateAndSetChildDomain (26ms)
		EndReloadAssembly (779ms)
			LoadAssemblies (156ms)
			RebuildTransferFunctionScriptingTraits (0ms)
			SetupTypeCache (250ms)
			ReleaseScriptCaches (0ms)
			RebuildScriptCaches (53ms)
			SetupLoadedEditorAssemblies (331ms)
				LogAssemblyErrors (0ms)
				InitializePlatformSupportModulesInManaged (20ms)
				SetLoadedEditorAssemblies (0ms)
				RefreshPlugins (1ms)
				BeforeProcessingInitializeOnLoad (83ms)
				ProcessInitializeOnLoadAttributes (198ms)
				ProcessInitializeOnLoadMethodAttributes (18ms)
				AfterProcessingInitializeOnLoad (12ms)
				EditorAssembliesLoaded (0ms)
			ExecutionOrderSort2 (0ms)
			AwakeInstancesAfterBackupRestoration (15ms)
Platform modules already initialized, skipping
========================================================================
Worker process is ready to serve import requests
Launched and connected shader compiler UnityShaderCompiler.exe after 0.09 seconds
Refreshing native plugins compatible for Editor in 1.07 ms, found 5 plugins.
Preloading 0 native plugins for Editor in 0.00 ms.
Unloading 3674 Unused Serialized files (Serialized files now loaded: 0)
Unloading 28 unused Assets / (182.4 KB). Loaded Objects now: 4156.
Memory consumption went from 155.8 MB to 155.6 MB.
Total: 4.317000 ms (FindLiveObjects: 0.342300 ms CreateObjectMapping: 0.217400 ms MarkObjects: 3.527000 ms  DeleteObjects: 0.228800 ms)

AssetImportParameters requested are different than current active one (requested -> active):
  custom:video-decoder-ogg-theora: a1e56fd34408186e4bbccfd4996cb3dc -> 
  custom:container-muxer-webm: aa71ff27fc2769a1b78a27578f13a17b -> 
  custom:container-demuxer-webm: 4f35f7cbe854078d1ac9338744f61a02 -> 
  custom:video-encoder-webm-vp8: eb34c28f22e8b96e1ab97ce403110664 -> 
  custom:audio-encoder-webm-vorbis: bf7c407c2cedff20999df2af8eb42d56 -> 
  custom:framework-win-MediaFoundation: 216162199b28c13a410421893ffa2e32 -> 
  custom:container-demuxer-ogg: 62fdf1f143b41e24485cea50d1cbac27 -> 
  custom:video-decoder-webm-vp8: 9c59270c3fd7afecdb556c50c9e8de78 -> 
  custom:audio-decoder-ogg-vorbis: bf7c407c2cedff20999df2af8eb42d56 -> 
========================================================================
Received Import Request.
  Time since last request: 18832.379952 seconds.
  path: Packages/com.unity.probuilder/Content/Resources/Materials/Trigger.mat
  artifactKey: Guid(a1e97cbf2538241b691aae8243b5fb10) Importer(815301076,1909f56bfc062723c751e8b465ee728b)
Start importing Packages/com.unity.probuilder/Content/Resources/Materials/Trigger.mat using Guid(a1e97cbf2538241b691aae8243b5fb10) Importer(815301076,1909f56bfc062723c751e8b465ee728b)  -> (artifact id: '02054c41411a0de380a3727b51dd46a9') in 0.156655 seconds 
========================================================================
Received Import Request.
  Time since last request: 11.628229 seconds.
  path: Assets/(P&W)Temple_Edition/FBX/Group_9.fbx
  artifactKey: Guid(4b398bc01b095074db6185899254cbe3) Importer(815301076,1909f56bfc062723c751e8b465ee728b)
Start importing Assets/(P&W)Temple_Edition/FBX/Group_9.fbx using Guid(4b398bc01b095074db6185899254cbe3) Importer(815301076,1909f56bfc062723c751e8b465ee728b)  -> (artifact id: '6bd8541cd1c27cfeef984d95fc455460') in 0.163133 seconds 
========================================================================
Received Import Request.
  Time since last request: 0.000037 seconds.
  path: Assets/(P&W)Temple_Edition/FBX/Group_10.fbx
  artifactKey: Guid(a3e92437b953c8144a81673e19f5faaf) Importer(815301076,1909f56bfc062723c751e8b465ee728b)
Start importing Assets/(P&W)Temple_Edition/FBX/Group_10.fbx using Guid(a3e92437b953c8144a81673e19f5faaf) Importer(815301076,1909f56bfc062723c751e8b465ee728b)  -> (artifact id: 'b5ec58269c1621ea570678bd7553a240') in 0.127272 seconds 
========================================================================
Received Import Request.
  Time since last request: 56.906991 seconds.
  path: Assets/Rocks and Boulders 2/Rocks/Prefabs/Rock1C.prefab
  artifactKey: Guid(1679506d96acb1447aa6870479416bf8) Importer(815301076,1909f56bfc062723c751e8b465ee728b)
Start importing Assets/Rocks and Boulders 2/Rocks/Prefabs/Rock1C.prefab using Guid(1679506d96acb1447aa6870479416bf8) Importer(815301076,1909f56bfc062723c751e8b465ee728b)  -> (artifact id: 'ff4512529a3283ef7e58c05388a898ef') in 0.118179 seconds 
========================================================================
Received Import Request.
  Time since last request: 197.170519 seconds.
  path: Assets/(P&W)Temple_Edition/FBX/Group_3.fbx
  artifactKey: Guid(2e8bc81596d3b974ebff9d0e870a5def) Importer(815301076,1909f56bfc062723c751e8b465ee728b)
Start importing Assets/(P&W)Temple_Edition/FBX/Group_3.fbx using Guid(2e8bc81596d3b974ebff9d0e870a5def) Importer(815301076,1909f56bfc062723c751e8b465ee728b)  -> (artifact id: '51998fda0596072064d1df2fdd3c2b7b') in 0.051773 seconds 
========================================================================
Received Import Request.
  Time since last request: 0.000017 seconds.
  path: Assets/(P&W)Temple_Edition/FBX/Group_11.fbx
  artifactKey: Guid(f343696efbf83b549817f225c91a52a8) Importer(815301076,1909f56bfc062723c751e8b465ee728b)
Start importing Assets/(P&W)Temple_Edition/FBX/Group_11.fbx using Guid(f343696efbf83b549817f225c91a52a8) Importer(815301076,1909f56bfc062723c751e8b465ee728b)  -> (artifact id: 'ea449201fd4ee72278c54c1ed4101a74') in 0.103333 seconds 
========================================================================
Received Import Request.
  Time since last request: 123.709222 seconds.
  path: Assets/Objects/HD_Arch_1B.prefab
  artifactKey: Guid(db688fe8c5d51cf4cb850204a7fbc393) Importer(815301076,1909f56bfc062723c751e8b465ee728b)
Start importing Assets/Objects/HD_Arch_1B.prefab using Guid(db688fe8c5d51cf4cb850204a7fbc393) Importer(815301076,1909f56bfc062723c751e8b465ee728b)  -> (artifact id: '8ac088a51dec345b4ecd46809459f220') in 0.015090 seconds 
========================================================================
Received Import Request.
  Time since last request: 20.304492 seconds.
  path: Assets/Rocks and Boulders 2/Rocks/Source/Models/Rock5A.fbx
  artifactKey: Guid(1e3f5eee0b7e2a54195a2a32bf7fcf20) Importer(815301076,1909f56bfc062723c751e8b465ee728b)
Start importing Assets/Rocks and Boulders 2/Rocks/Source/Models/Rock5A.fbx using Guid(1e3f5eee0b7e2a54195a2a32bf7fcf20) Importer(815301076,1909f56bfc062723c751e8b465ee728b)  -> (artifact id: '85d217a881634c9e7afbc154225013fe') in 0.019965 seconds 
========================================================================
Received Import Request.
  Time since last request: 0.000020 seconds.
  path: Assets/Rocks and Boulders 2/Rocks/Source/Models/Rock1B.fbx
  artifactKey: Guid(976e89866374b704f8eff32373bca69c) Importer(815301076,1909f56bfc062723c751e8b465ee728b)
Start importing Assets/Rocks and Boulders 2/Rocks/Source/Models/Rock1B.fbx using Guid(976e89866374b704f8eff32373bca69c) Importer(815301076,1909f56bfc062723c751e8b465ee728b)  -> (artifact id: '1b64308c0103e9485bad63355de49e2b') in 0.015186 seconds 
========================================================================
Received Import Request.
  Time since last request: 31351.361931 seconds.
  path: Assets/Material/Walls_1.mat
  artifactKey: Guid(84fe023166326f243afc8fd9310af61b) Importer(815301076,1909f56bfc062723c751e8b465ee728b)
Start importing Assets/Material/Walls_1.mat using Guid(84fe023166326f243afc8fd9310af61b) Importer(815301076,1909f56bfc062723c751e8b465ee728b)  -> (artifact id: 'c04e567f3856dc2fbd0c9356e604532f') in 0.112607 seconds 
========================================================================
Received Import Request.
  Time since last request: 40.721333 seconds.
  path: Assets/(P&W)Temple_Edition/FBX/Group_2.fbx
  artifactKey: Guid(f047c5b035f7ea346922c1355ce6d6dd) Importer(815301076,1909f56bfc062723c751e8b465ee728b)
Start importing Assets/(P&W)Temple_Edition/FBX/Group_2.fbx using Guid(f047c5b035f7ea346922c1355ce6d6dd) Importer(815301076,1909f56bfc062723c751e8b465ee728b)  -> (artifact id: 'e564c41173778fd9149e9cb0bcc52f34') in 0.096264 seconds 
========================================================================
Received Import Request.
  Time since last request: 0.017122 seconds.
  path: Assets/(P&W)Temple_Edition/FBX/Group_3.fbx
  artifactKey: Guid(2e8bc81596d3b974ebff9d0e870a5def) Importer(815301076,1909f56bfc062723c751e8b465ee728b)
Start importing Assets/(P&W)Temple_Edition/FBX/Group_3.fbx using Guid(2e8bc81596d3b974ebff9d0e870a5def) Importer(815301076,1909f56bfc062723c751e8b465ee728b)  -> (artifact id: 'b0ffd64872c065a44d43968720d0d10a') in 0.042776 seconds 
========================================================================
Received Import Request.
  Time since last request: 0.000022 seconds.
  path: Assets/(P&W)Temple_Edition/FBX/Group_4.fbx
  artifactKey: Guid(816e3385712df2741a8c45d58783e2d9) Importer(815301076,1909f56bfc062723c751e8b465ee728b)
Start importing Assets/(P&W)Temple_Edition/FBX/Group_4.fbx using Guid(816e3385712df2741a8c45d58783e2d9) Importer(815301076,1909f56bfc062723c751e8b465ee728b)  -> (artifact id: 'af403f6027aa0db0465503cc76cbb179') in 0.129075 seconds 
========================================================================
Received Import Request.
  Time since last request: 0.000019 seconds.
  path: Assets/(P&W)Temple_Edition/FBX/Group_5.fbx
  artifactKey: Guid(de7507b9d0f8a864bb79be28961d74a1) Importer(815301076,1909f56bfc062723c751e8b465ee728b)
Start importing Assets/(P&W)Temple_Edition/FBX/Group_5.fbx using Guid(de7507b9d0f8a864bb79be28961d74a1) Importer(815301076,1909f56bfc062723c751e8b465ee728b)  -> (artifact id: 'a3d2ca274e7e31d232dc870fad16bef0') in 0.115546 seconds 
========================================================================
Received Import Request.
  Time since last request: 0.000031 seconds.
  path: Assets/(P&W)Temple_Edition/FBX/Group_8.fbx
  artifactKey: Guid(a1ce5be76dbaf4c4398d8d6789a61fe8) Importer(815301076,1909f56bfc062723c751e8b465ee728b)
Start importing Assets/(P&W)Temple_Edition/FBX/Group_8.fbx using Guid(a1ce5be76dbaf4c4398d8d6789a61fe8) Importer(815301076,1909f56bfc062723c751e8b465ee728b)  -> (artifact id: 'f2b787b6bf53867ee4b6cf3ac2a8bebd') in 0.234968 seconds 
========================================================================
Received Import Request.
  Time since last request: 0.000023 seconds.
  path: Assets/(P&W)Temple_Edition/FBX/Group_10.fbx
  artifactKey: Guid(a3e92437b953c8144a81673e19f5faaf) Importer(815301076,1909f56bfc062723c751e8b465ee728b)
Start importing Assets/(P&W)Temple_Edition/FBX/Group_10.fbx using Guid(a3e92437b953c8144a81673e19f5faaf) Importer(815301076,1909f56bfc062723c751e8b465ee728b)  -> (artifact id: '455b690a4c1ab6604c151328b3594957') in 0.095331 seconds 
Editor requested this worker to shutdown with reason: Scaling down because of idle timeout
AssetImportWorker is now disconnected from the server
Process exiting
Exiting without the bug reporter. Application will terminate with return code 0