Using pre-set license
Built from '2021.3/staging' branch; Version is '2021.3.20f1 (577897200b8b) revision 5732503'; Using compiler version '192829333'; Build Type 'Release'
OS: 'Windows 11  (10.0.22000) 64bit Professional' Language: 'ko' Physical Memory: 16088 MB
BatchMode: 1, IsHumanControllingUs: 0, StartBugReporterOnCrash: 0, Is64bit: 1, IsPro: 1

COMMAND LINE ARGUMENTS:
C:\Program Files\Unity\Hub\Editor\2021.3.20f1\Editor\Unity.exe
-adb2
-batchMode
-noUpm
-name
AssetImportWorker5
-projectPath
C:/forGraduate/BalanceGame/BalanceGame
-logFile
Logs/AssetImportWorker5.log
-srvPort
62135
Successfully changed project path to: C:/forGraduate/BalanceGame/BalanceGame
C:/forGraduate/BalanceGame/BalanceGame
[UnityMemory] Configuration Parameters - Can be set up in boot.config
    "memorysetup-bucket-allocator-granularity=16"
    "memorysetup-bucket-allocator-bucket-count=8"
    "memorysetup-bucket-allocator-block-size=33554432"
    "memorysetup-bucket-allocator-block-count=8"
    "memorysetup-main-allocator-block-size=16777216"
    "memorysetup-thread-allocator-block-size=16777216"
    "memorysetup-gfx-main-allocator-block-size=16777216"
    "memorysetup-gfx-thread-allocator-block-size=16777216"
    "memorysetup-cache-allocator-block-size=4194304"
    "memorysetup-typetree-allocator-block-size=2097152"
    "memorysetup-profiler-bucket-allocator-granularity=16"
    "memorysetup-profiler-bucket-allocator-bucket-count=8"
    "memorysetup-profiler-bucket-allocator-block-size=33554432"
    "memorysetup-profiler-bucket-allocator-block-count=8"
    "memorysetup-profiler-allocator-block-size=16777216"
    "memorysetup-profiler-editor-allocator-block-size=1048576"
    "memorysetup-temp-allocator-size-main=16777216"
    "memorysetup-job-temp-allocator-block-size=2097152"
    "memorysetup-job-temp-allocator-block-size-background=1048576"
    "memorysetup-job-temp-allocator-reduction-small-platforms=262144"
    "memorysetup-temp-allocator-size-background-worker=32768"
    "memorysetup-temp-allocator-size-job-worker=262144"
    "memorysetup-temp-allocator-size-preload-manager=33554432"
    "memorysetup-temp-allocator-size-nav-mesh-worker=65536"
    "memorysetup-temp-allocator-size-audio-worker=65536"
    "memorysetup-temp-allocator-size-cloud-worker=32768"
    "memorysetup-temp-allocator-size-gi-baking-worker=262144"
    "memorysetup-temp-allocator-size-gfx=262144"
Player connection [20804] Host "[IP] 192.168.219.127 [Port] 0 [Flags] 2 [Guid] 3961501644 [EditorId] 3961501644 [Version] 1048832 [Id] WindowsEditor(7,DESKTOP-TaCiTa) [Debug] 1 [PackageName] WindowsEditor [ProjectName] Editor" joined multi-casting on [225.0.0.222:54997]...

Player connection [20804] Host "[IP] 192.168.219.127 [Port] 0 [Flags] 2 [Guid] 3961501644 [EditorId] 3961501644 [Version] 1048832 [Id] WindowsEditor(7,DESKTOP-TaCiTa) [Debug] 1 [PackageName] WindowsEditor [ProjectName] Editor" joined alternative multi-casting on [225.0.0.222:34997]...

Refreshing native plugins compatible for Editor in 87.43 ms, found 5 plugins.
Preloading 0 native plugins for Editor in 0.00 ms.
Initialize engine version: 2021.3.20f1 (577897200b8b)
[Subsystems] Discovering subsystems at path C:/Program Files/Unity/Hub/Editor/2021.3.20f1/Editor/Data/Resources/UnitySubsystems
[Subsystems] Discovering subsystems at path C:/forGraduate/BalanceGame/BalanceGame/Assets
GfxDevice: creating device client; threaded=0; jobified=0
Direct3D:
    Version:  Direct3D 11.0 [level 11.1]
    Renderer: NVIDIA GeForce RTX 3060 Laptop GPU (ID=0x2520)
    Vendor:   NVIDIA
    VRAM:     6009 MB
    Driver:   31.0.15.3118
Initialize mono
Mono path[0] = 'C:/Program Files/Unity/Hub/Editor/2021.3.20f1/Editor/Data/Managed'
Mono path[1] = 'C:/Program Files/Unity/Hub/Editor/2021.3.20f1/Editor/Data/MonoBleedingEdge/lib/mono/unityjit-win32'
Mono config path = 'C:/Program Files/Unity/Hub/Editor/2021.3.20f1/Editor/Data/MonoBleedingEdge/etc'
Using monoOptions --debugger-agent=transport=dt_socket,embedding=1,server=y,suspend=n,address=127.0.0.1:56316
Begin MonoManager ReloadAssembly
Registering precompiled unity dll's ...
Register platform support module: C:/Program Files/Unity/Hub/Editor/2021.3.20f1/Editor/Data/PlaybackEngines/AndroidPlayer/UnityEditor.Android.Extensions.dll
Register platform support module: C:/Program Files/Unity/Hub/Editor/2021.3.20f1/Editor/Data/PlaybackEngines/WindowsStandaloneSupport/UnityEditor.WindowsStandalone.Extensions.dll
Registered in 0.015191 seconds.
Native extension for WindowsStandalone target not found
Native extension for Android target not found
Android Extension - Scanning For ADB Devices 486 ms
Refreshing native plugins compatible for Editor in 71.77 ms, found 5 plugins.
Preloading 0 native plugins for Editor in 0.00 ms.
Mono: successfully reloaded assembly
- Completed reload, in  1.146 seconds
Domain Reload Profiling:
	ReloadAssembly (1147ms)
		BeginReloadAssembly (116ms)
			ExecutionOrderSort (0ms)
			DisableScriptedObjects (0ms)
			BackupInstance (0ms)
			ReleaseScriptingObjects (0ms)
			CreateAndSetChildDomain (1ms)
		EndReloadAssembly (916ms)
			LoadAssemblies (114ms)
			RebuildTransferFunctionScriptingTraits (0ms)
			SetupTypeCache (100ms)
			ReleaseScriptCaches (0ms)
			RebuildScriptCaches (23ms)
			SetupLoadedEditorAssemblies (742ms)
				LogAssemblyErrors (0ms)
				InitializePlatformSupportModulesInManaged (554ms)
				SetLoadedEditorAssemblies (0ms)
				RefreshPlugins (72ms)
				BeforeProcessingInitializeOnLoad (1ms)
				ProcessInitializeOnLoadAttributes (67ms)
				ProcessInitializeOnLoadMethodAttributes (46ms)
				AfterProcessingInitializeOnLoad (0ms)
				EditorAssembliesLoaded (0ms)
			ExecutionOrderSort2 (0ms)
			AwakeInstancesAfterBackupRestoration (0ms)
Platform modules already initialized, skipping
Registering precompiled user dll's ...
Registered in 0.008419 seconds.
Begin MonoManager ReloadAssembly
Symbol file LoadedFromMemory doesn't match image C:\forGraduate\BalanceGame\BalanceGame\Library\PackageCache\com.unity.visualscripting@1.8.0\Editor\VisualScripting.Core\Dependencies\YamlDotNet\Unity.VisualScripting.YamlDotNet.dll
Symbol file LoadedFromMemory doesn't match image C:\forGraduate\BalanceGame\BalanceGame\Library\PackageCache\com.unity.visualscripting@1.8.0\Editor\VisualScripting.Core\Dependencies\DotNetZip\Unity.VisualScripting.IonicZip.dll
Native extension for WindowsStandalone target not found
Native extension for Android target not found
Refreshing native plugins compatible for Editor in 0.47 ms, found 5 plugins.
Preloading 0 native plugins for Editor in 0.00 ms.
Mono: successfully reloaded assembly
- Completed reload, in  0.998 seconds
Domain Reload Profiling:
	ReloadAssembly (999ms)
		BeginReloadAssembly (129ms)
			ExecutionOrderSort (0ms)
			DisableScriptedObjects (4ms)
			BackupInstance (0ms)
			ReleaseScriptingObjects (0ms)
			CreateAndSetChildDomain (17ms)
		EndReloadAssembly (767ms)
			LoadAssemblies (145ms)
			RebuildTransferFunctionScriptingTraits (0ms)
			SetupTypeCache (247ms)
			ReleaseScriptCaches (0ms)
			RebuildScriptCaches (43ms)
			SetupLoadedEditorAssemblies (313ms)
				LogAssemblyErrors (0ms)
				InitializePlatformSupportModulesInManaged (17ms)
				SetLoadedEditorAssemblies (0ms)
				RefreshPlugins (1ms)
				BeforeProcessingInitializeOnLoad (82ms)
				ProcessInitializeOnLoadAttributes (177ms)
				ProcessInitializeOnLoadMethodAttributes (21ms)
				AfterProcessingInitializeOnLoad (14ms)
				EditorAssembliesLoaded (0ms)
			ExecutionOrderSort2 (0ms)
			AwakeInstancesAfterBackupRestoration (12ms)
Platform modules already initialized, skipping
========================================================================
Worker process is ready to serve import requests
Launched and connected shader compiler UnityShaderCompiler.exe after 0.08 seconds
Refreshing native plugins compatible for Editor in 0.77 ms, found 5 plugins.
Preloading 0 native plugins for Editor in 0.00 ms.
Unloading 3673 Unused Serialized files (Serialized files now loaded: 0)
Unloading 30 unused Assets / (237.4 KB). Loaded Objects now: 4153.
Memory consumption went from 155.8 MB to 155.5 MB.
Total: 4.456100 ms (FindLiveObjects: 0.326700 ms CreateObjectMapping: 0.300300 ms MarkObjects: 3.577500 ms  DeleteObjects: 0.250000 ms)

AssetImportParameters requested are different than current active one (requested -> active):
  custom:video-decoder-ogg-theora: a1e56fd34408186e4bbccfd4996cb3dc -> 
  custom:container-muxer-webm: aa71ff27fc2769a1b78a27578f13a17b -> 
  custom:container-demuxer-webm: 4f35f7cbe854078d1ac9338744f61a02 -> 
  custom:video-encoder-webm-vp8: eb34c28f22e8b96e1ab97ce403110664 -> 
  custom:audio-encoder-webm-vorbis: bf7c407c2cedff20999df2af8eb42d56 -> 
  custom:framework-win-MediaFoundation: 216162199b28c13a410421893ffa2e32 -> 
  custom:container-demuxer-ogg: 62fdf1f143b41e24485cea50d1cbac27 -> 
  custom:video-decoder-webm-vp8: 9c59270c3fd7afecdb556c50c9e8de78 -> 
  custom:audio-decoder-ogg-vorbis: bf7c407c2cedff20999df2af8eb42d56 -> 
========================================================================
Received Prepare
Registering precompiled user dll's ...
Registered in 0.010821 seconds.
Begin MonoManager ReloadAssembly
Symbol file LoadedFromMemory doesn't match image C:\forGraduate\BalanceGame\BalanceGame\Library\PackageCache\com.unity.visualscripting@1.8.0\Editor\VisualScripting.Core\Dependencies\YamlDotNet\Unity.VisualScripting.YamlDotNet.dll
Symbol file LoadedFromMemory doesn't match image C:\forGraduate\BalanceGame\BalanceGame\Library\PackageCache\com.unity.visualscripting@1.8.0\Editor\VisualScripting.Core\Dependencies\DotNetZip\Unity.VisualScripting.IonicZip.dll
Native extension for WindowsStandalone target not found
Native extension for Android target not found
Refreshing native plugins compatible for Editor in 0.56 ms, found 5 plugins.
Preloading 0 native plugins for Editor in 0.00 ms.
Mono: successfully reloaded assembly
- Completed reload, in  1.345 seconds
Domain Reload Profiling:
	ReloadAssembly (1346ms)
		BeginReloadAssembly (310ms)
			ExecutionOrderSort (0ms)
			DisableScriptedObjects (6ms)
			BackupInstance (0ms)
			ReleaseScriptingObjects (0ms)
			CreateAndSetChildDomain (73ms)
		EndReloadAssembly (901ms)
			LoadAssemblies (226ms)
			RebuildTransferFunctionScriptingTraits (0ms)
			SetupTypeCache (284ms)
			ReleaseScriptCaches (2ms)
			RebuildScriptCaches (56ms)
			SetupLoadedEditorAssemblies (387ms)
				LogAssemblyErrors (0ms)
				InitializePlatformSupportModulesInManaged (24ms)
				SetLoadedEditorAssemblies (0ms)
				RefreshPlugins (1ms)
				BeforeProcessingInitializeOnLoad (85ms)
				ProcessInitializeOnLoadAttributes (229ms)
				ProcessInitializeOnLoadMethodAttributes (28ms)
				AfterProcessingInitializeOnLoad (20ms)
				EditorAssembliesLoaded (0ms)
			ExecutionOrderSort2 (0ms)
			AwakeInstancesAfterBackupRestoration (15ms)
Platform modules already initialized, skipping
Refreshing native plugins compatible for Editor in 5.71 ms, found 5 plugins.
Preloading 0 native plugins for Editor in 0.00 ms.
Unloading 3637 Unused Serialized files (Serialized files now loaded: 0)
Unloading 24 unused Assets / (204.9 KB). Loaded Objects now: 4155.
Memory consumption went from 152.4 MB to 152.2 MB.
Total: 4.503500 ms (FindLiveObjects: 0.423000 ms CreateObjectMapping: 0.290900 ms MarkObjects: 3.575700 ms  DeleteObjects: 0.212200 ms)

AssetImportParameters requested are different than current active one (requested -> active):
  custom:video-decoder-ogg-theora: a1e56fd34408186e4bbccfd4996cb3dc -> 
  custom:container-muxer-webm: aa71ff27fc2769a1b78a27578f13a17b -> 
  custom:container-demuxer-webm: 4f35f7cbe854078d1ac9338744f61a02 -> 
  custom:video-encoder-webm-vp8: eb34c28f22e8b96e1ab97ce403110664 -> 
  custom:audio-encoder-webm-vorbis: bf7c407c2cedff20999df2af8eb42d56 -> 
  custom:framework-win-MediaFoundation: 216162199b28c13a410421893ffa2e32 -> 
  custom:container-demuxer-ogg: 62fdf1f143b41e24485cea50d1cbac27 -> 
  custom:video-decoder-webm-vp8: 9c59270c3fd7afecdb556c50c9e8de78 -> 
  custom:audio-decoder-ogg-vorbis: bf7c407c2cedff20999df2af8eb42d56 -> 
========================================================================
Received Prepare
Registering precompiled user dll's ...
Registered in 0.014601 seconds.
Begin MonoManager ReloadAssembly
Symbol file LoadedFromMemory doesn't match image C:\forGraduate\BalanceGame\BalanceGame\Library\PackageCache\com.unity.visualscripting@1.8.0\Editor\VisualScripting.Core\Dependencies\YamlDotNet\Unity.VisualScripting.YamlDotNet.dll
Symbol file LoadedFromMemory doesn't match image C:\forGraduate\BalanceGame\BalanceGame\Library\PackageCache\com.unity.visualscripting@1.8.0\Editor\VisualScripting.Core\Dependencies\DotNetZip\Unity.VisualScripting.IonicZip.dll
Native extension for WindowsStandalone target not found
Native extension for Android target not found
Refreshing native plugins compatible for Editor in 0.70 ms, found 5 plugins.
Preloading 0 native plugins for Editor in 0.00 ms.
Mono: successfully reloaded assembly
- Completed reload, in  1.139 seconds
Domain Reload Profiling:
	ReloadAssembly (1140ms)
		BeginReloadAssembly (156ms)
			ExecutionOrderSort (0ms)
			DisableScriptedObjects (4ms)
			BackupInstance (0ms)
			ReleaseScriptingObjects (0ms)
			CreateAndSetChildDomain (34ms)
		EndReloadAssembly (884ms)
			LoadAssemblies (145ms)
			RebuildTransferFunctionScriptingTraits (0ms)
			SetupTypeCache (278ms)
			ReleaseScriptCaches (2ms)
			RebuildScriptCaches (62ms)
			SetupLoadedEditorAssemblies (338ms)
				LogAssemblyErrors (0ms)
				InitializePlatformSupportModulesInManaged (26ms)
				SetLoadedEditorAssemblies (1ms)
				RefreshPlugins (1ms)
				BeforeProcessingInitializeOnLoad (85ms)
				ProcessInitializeOnLoadAttributes (192ms)
				ProcessInitializeOnLoadMethodAttributes (20ms)
				AfterProcessingInitializeOnLoad (13ms)
				EditorAssembliesLoaded (0ms)
			ExecutionOrderSort2 (0ms)
			AwakeInstancesAfterBackupRestoration (15ms)
Platform modules already initialized, skipping
Refreshing native plugins compatible for Editor in 9.29 ms, found 5 plugins.
Preloading 0 native plugins for Editor in 0.00 ms.
Unloading 3638 Unused Serialized files (Serialized files now loaded: 0)
Unloading 23 unused Assets / (204.9 KB). Loaded Objects now: 4159.
Memory consumption went from 152.2 MB to 152.0 MB.
Total: 9.805900 ms (FindLiveObjects: 0.774700 ms CreateObjectMapping: 0.344000 ms MarkObjects: 8.177900 ms  DeleteObjects: 0.506200 ms)

AssetImportParameters requested are different than current active one (requested -> active):
  custom:video-decoder-ogg-theora: a1e56fd34408186e4bbccfd4996cb3dc -> 
  custom:container-muxer-webm: aa71ff27fc2769a1b78a27578f13a17b -> 
  custom:container-demuxer-webm: 4f35f7cbe854078d1ac9338744f61a02 -> 
  custom:video-encoder-webm-vp8: eb34c28f22e8b96e1ab97ce403110664 -> 
  custom:audio-encoder-webm-vorbis: bf7c407c2cedff20999df2af8eb42d56 -> 
  custom:framework-win-MediaFoundation: 216162199b28c13a410421893ffa2e32 -> 
  custom:container-demuxer-ogg: 62fdf1f143b41e24485cea50d1cbac27 -> 
  custom:video-decoder-webm-vp8: 9c59270c3fd7afecdb556c50c9e8de78 -> 
  custom:audio-decoder-ogg-vorbis: bf7c407c2cedff20999df2af8eb42d56 -> 
========================================================================
Received Import Request.
  Time since last request: 56281.075591 seconds.
  path: Assets/Rocks and Boulders 2/Rocks/Source/Materials/Unity 5/Rock3.mat
  artifactKey: Guid(4ec38644468fc2b47b9a0a6515c38542) Importer(815301076,1909f56bfc062723c751e8b465ee728b)
Start importing Assets/Rocks and Boulders 2/Rocks/Source/Materials/Unity 5/Rock3.mat using Guid(4ec38644468fc2b47b9a0a6515c38542) Importer(815301076,1909f56bfc062723c751e8b465ee728b)  -> (artifact id: '215e846bd0b88632a20f00e07269c7fc') in 0.473818 seconds 
========================================================================
Received Import Request.
  Time since last request: 0.000029 seconds.
  path: Assets/Rocks and Boulders 2/Rocks/Source/Materials/Unity 5/Rock6.mat
  artifactKey: Guid(a757083ce9ed07240a5511e1c9d6e846) Importer(815301076,1909f56bfc062723c751e8b465ee728b)
Start importing Assets/Rocks and Boulders 2/Rocks/Source/Materials/Unity 5/Rock6.mat using Guid(a757083ce9ed07240a5511e1c9d6e846) Importer(815301076,1909f56bfc062723c751e8b465ee728b)  -> (artifact id: '7904c7fed56e157fdeb76b32ed47b18f') in 0.073992 seconds 
========================================================================
Received Import Request.
  Time since last request: 16.830483 seconds.
  path: Assets/Rocks and Boulders 2/Rocks/Source/Textures/Rockdetail2_nmp.tif
  artifactKey: Guid(047414cbd2e318e41a7d1557a27d36c5) Importer(815301076,1909f56bfc062723c751e8b465ee728b)
Start importing Assets/Rocks and Boulders 2/Rocks/Source/Textures/Rockdetail2_nmp.tif using Guid(047414cbd2e318e41a7d1557a27d36c5) Importer(815301076,1909f56bfc062723c751e8b465ee728b)  -> (artifact id: 'ff8862cf740d2b1e6cefe59611cc2417') in 0.062496 seconds 
========================================================================
Received Import Request.
  Time since last request: 0.000030 seconds.
  path: Assets/Rocks and Boulders 2/Rocks/Source/Textures/Rock2_nmp.tif
  artifactKey: Guid(3a821c28b70b2b447ab3e66e3a2229e5) Importer(815301076,1909f56bfc062723c751e8b465ee728b)
Start importing Assets/Rocks and Boulders 2/Rocks/Source/Textures/Rock2_nmp.tif using Guid(3a821c28b70b2b447ab3e66e3a2229e5) Importer(815301076,1909f56bfc062723c751e8b465ee728b)  -> (artifact id: 'a88e0cd5afdcc7892fafd9433a2394f1') in 0.025354 seconds 
========================================================================
Received Import Request.
  Time since last request: 3.435129 seconds.
  path: Assets/Rocks and Boulders 2/Rocks/Source/Textures/Rock6_nmp.tif
  artifactKey: Guid(4e1f3e7249bd7764aa7993a48695ab65) Importer(815301076,1909f56bfc062723c751e8b465ee728b)
Start importing Assets/Rocks and Boulders 2/Rocks/Source/Textures/Rock6_nmp.tif using Guid(4e1f3e7249bd7764aa7993a48695ab65) Importer(815301076,1909f56bfc062723c751e8b465ee728b)  -> (artifact id: '6fa8325d0e98750f92ae5c51e4bacaec') in 0.028212 seconds 
========================================================================
Received Import Request.
  Time since last request: 3.054699 seconds.
  path: Assets/Rocks and Boulders 2/Rocks/Source/Textures/neutral_nmp.tif
  artifactKey: Guid(be834ced0f6dfe5449701caebb2023c9) Importer(815301076,1909f56bfc062723c751e8b465ee728b)
Start importing Assets/Rocks and Boulders 2/Rocks/Source/Textures/neutral_nmp.tif using Guid(be834ced0f6dfe5449701caebb2023c9) Importer(815301076,1909f56bfc062723c751e8b465ee728b)  -> (artifact id: '42fd9222c2e7c1989094fd102844e37b') in 0.016098 seconds 
========================================================================
Received Import Request.
  Time since last request: 0.020900 seconds.
  path: Assets/Rocks and Boulders 2/Rocks/Source/Textures/Rock1_ms.png
  artifactKey: Guid(6be0cac17b48f154d9703d89e90c4dac) Importer(815301076,1909f56bfc062723c751e8b465ee728b)
Start importing Assets/Rocks and Boulders 2/Rocks/Source/Textures/Rock1_ms.png using Guid(6be0cac17b48f154d9703d89e90c4dac) Importer(815301076,1909f56bfc062723c751e8b465ee728b)  -> (artifact id: 'aca5a31409b3a34fda712fac936fdf38') in 0.053115 seconds 
========================================================================
Received Import Request.
  Time since last request: 0.000036 seconds.
  path: Assets/Rocks and Boulders 2/Rocks/Source/Textures/Rockdetail9_nmp.tif
  artifactKey: Guid(40d7e466eee8bf94887ff82c1e1255e4) Importer(815301076,1909f56bfc062723c751e8b465ee728b)
Start importing Assets/Rocks and Boulders 2/Rocks/Source/Textures/Rockdetail9_nmp.tif using Guid(40d7e466eee8bf94887ff82c1e1255e4) Importer(815301076,1909f56bfc062723c751e8b465ee728b)  -> (artifact id: '5d21d4fae6d8ce85b309901aed7b1ef0') in 0.028961 seconds 
========================================================================
Received Import Request.
  Time since last request: 0.000036 seconds.
  path: Assets/Rocks and Boulders 2/Rocks/Source/Textures/Rockdetail6_nmp.tif
  artifactKey: Guid(c1ad52c6b913ce247ae933cd6d8cea55) Importer(815301076,1909f56bfc062723c751e8b465ee728b)
Start importing Assets/Rocks and Boulders 2/Rocks/Source/Textures/Rockdetail6_nmp.tif using Guid(c1ad52c6b913ce247ae933cd6d8cea55) Importer(815301076,1909f56bfc062723c751e8b465ee728b)  -> (artifact id: 'ffefd70d91b36ae92a90d5ddbb4c227d') in 0.024389 seconds 
========================================================================
Received Import Request.
  Time since last request: 0.000028 seconds.
  path: Assets/Rocks and Boulders 2/Rocks/Source/Textures/Rockdetail8_nmp.tif
  artifactKey: Guid(bc51ce897c3829c408ba9c4bf9390954) Importer(815301076,1909f56bfc062723c751e8b465ee728b)
Start importing Assets/Rocks and Boulders 2/Rocks/Source/Textures/Rockdetail8_nmp.tif using Guid(bc51ce897c3829c408ba9c4bf9390954) Importer(815301076,1909f56bfc062723c751e8b465ee728b)  -> (artifact id: 'dd2a15a009e9873cb9fb83b8b3dd8b8a') in 0.024617 seconds 
========================================================================
Received Import Request.
  Time since last request: 0.000025 seconds.
  path: Assets/Rocks and Boulders 2/Rocks/Source/Textures/Rockdetail4.tif
  artifactKey: Guid(adf62696ffb597d4a882df95345d744b) Importer(815301076,1909f56bfc062723c751e8b465ee728b)
Start importing Assets/Rocks and Boulders 2/Rocks/Source/Textures/Rockdetail4.tif using Guid(adf62696ffb597d4a882df95345d744b) Importer(815301076,1909f56bfc062723c751e8b465ee728b)  -> (artifact id: '400c84468b3495212bafdd567fba60db') in 0.022078 seconds 
========================================================================
Received Import Request.
  Time since last request: 0.000022 seconds.
  path: Assets/Rocks and Boulders 2/Rocks/Source/Textures/Rockdetail5.tif
  artifactKey: Guid(686064a605073d24380ee520c591a335) Importer(815301076,1909f56bfc062723c751e8b465ee728b)
Start importing Assets/Rocks and Boulders 2/Rocks/Source/Textures/Rockdetail5.tif using Guid(686064a605073d24380ee520c591a335) Importer(815301076,1909f56bfc062723c751e8b465ee728b)  -> (artifact id: 'efcba43abea8e30c86bad2a862eebcc4') in 0.019550 seconds 
========================================================================
Received Import Request.
  Time since last request: 0.000034 seconds.
  path: Assets/Rocks and Boulders 2/Rocks/Source/Textures/Rockdetail12_nmp.tif
  artifactKey: Guid(5509ded9297dad54785f6adfae502923) Importer(815301076,1909f56bfc062723c751e8b465ee728b)
Start importing Assets/Rocks and Boulders 2/Rocks/Source/Textures/Rockdetail12_nmp.tif using Guid(5509ded9297dad54785f6adfae502923) Importer(815301076,1909f56bfc062723c751e8b465ee728b)  -> (artifact id: 'f157a47be43a3c1fbaf4cb0f0c2846b7') in 0.023046 seconds 
========================================================================
Received Import Request.
  Time since last request: 0.000029 seconds.
  path: Assets/Rocks and Boulders 2/Rocks/Source/Textures/Rockdetail6.tif
  artifactKey: Guid(98b867924d19a23419a46124897d4937) Importer(815301076,1909f56bfc062723c751e8b465ee728b)
Start importing Assets/Rocks and Boulders 2/Rocks/Source/Textures/Rockdetail6.tif using Guid(98b867924d19a23419a46124897d4937) Importer(815301076,1909f56bfc062723c751e8b465ee728b)  -> (artifact id: '5cd42cce7dfacd7212ea07ecef3fa0fb') in 0.024125 seconds 
========================================================================
Received Import Request.
  Time since last request: 0.000021 seconds.
  path: Assets/Rocks and Boulders 2/Rocks/Source/Textures/Rock3_ao.png
  artifactKey: Guid(11cb6765864eda847a33cdceac63bbc7) Importer(815301076,1909f56bfc062723c751e8b465ee728b)
Start importing Assets/Rocks and Boulders 2/Rocks/Source/Textures/Rock3_ao.png using Guid(11cb6765864eda847a33cdceac63bbc7) Importer(815301076,1909f56bfc062723c751e8b465ee728b)  -> (artifact id: '5e88b24ec31e8911114f1bdf211b9844') in 0.023170 seconds 
========================================================================
Received Import Request.
  Time since last request: 0.000021 seconds.
  path: Assets/Rocks and Boulders 2/Rocks/Source/Textures/Rockdetail7_nmp.tif
  artifactKey: Guid(5f77f20afa4153d47b190a7defc9edf0) Importer(815301076,1909f56bfc062723c751e8b465ee728b)
Start importing Assets/Rocks and Boulders 2/Rocks/Source/Textures/Rockdetail7_nmp.tif using Guid(5f77f20afa4153d47b190a7defc9edf0) Importer(815301076,1909f56bfc062723c751e8b465ee728b)  -> (artifact id: 'de32565afe21b410f66e07aa104313de') in 0.021570 seconds 
========================================================================
Received Import Request.
  Time since last request: 0.000043 seconds.
  path: Assets/Rocks and Boulders 2/Rocks/Source/Textures/Rock5_ao.png
  artifactKey: Guid(f6526ae33cace7c46ab54463669ab556) Importer(815301076,1909f56bfc062723c751e8b465ee728b)
Start importing Assets/Rocks and Boulders 2/Rocks/Source/Textures/Rock5_ao.png using Guid(f6526ae33cace7c46ab54463669ab556) Importer(815301076,1909f56bfc062723c751e8b465ee728b)  -> (artifact id: 'ec1ce1f6c5a4e2f4365d98b364aefc17') in 0.022094 seconds 
========================================================================
Received Import Request.
  Time since last request: 0.000032 seconds.
  path: Assets/Rocks and Boulders 2/Rocks/Source/Textures/Rock5_h.png
  artifactKey: Guid(0f4ca202c9a9aea47b30a1fa32effc1f) Importer(815301076,1909f56bfc062723c751e8b465ee728b)
Start importing Assets/Rocks and Boulders 2/Rocks/Source/Textures/Rock5_h.png using Guid(0f4ca202c9a9aea47b30a1fa32effc1f) Importer(815301076,1909f56bfc062723c751e8b465ee728b)  -> (artifact id: 'e27d90aad88c1f29e441c4daff9de8a7') in 0.024063 seconds 
========================================================================
Received Import Request.
  Time since last request: 0.000030 seconds.
  path: Assets/Rocks and Boulders 2/Rocks/Source/Textures/Rockdetail4_nmp.tif
  artifactKey: Guid(2c7455542485cce45988e19384b08d01) Importer(815301076,1909f56bfc062723c751e8b465ee728b)
Start importing Assets/Rocks and Boulders 2/Rocks/Source/Textures/Rockdetail4_nmp.tif using Guid(2c7455542485cce45988e19384b08d01) Importer(815301076,1909f56bfc062723c751e8b465ee728b)  -> (artifact id: 'b294cc0e810565001241a89adf687d43') in 0.021753 seconds 
========================================================================
Received Import Request.
  Time since last request: 0.000026 seconds.
  path: Assets/Rocks and Boulders 2/Rocks/Source/Textures/Rockdetail11.tif
  artifactKey: Guid(a604d1fd298b06e4b882f7cb3a172a7c) Importer(815301076,1909f56bfc062723c751e8b465ee728b)
Start importing Assets/Rocks and Boulders 2/Rocks/Source/Textures/Rockdetail11.tif using Guid(a604d1fd298b06e4b882f7cb3a172a7c) Importer(815301076,1909f56bfc062723c751e8b465ee728b)  -> (artifact id: '5b7399233163920fec8a31fc357db706') in 0.020741 seconds 
========================================================================
Received Import Request.
  Time since last request: 0.000062 seconds.
  path: Assets/Rocks and Boulders 2/Rocks/Source/Textures/Rockdetail3.tif
  artifactKey: Guid(85802eac53a318647b463cb048c1639d) Importer(815301076,1909f56bfc062723c751e8b465ee728b)
Start importing Assets/Rocks and Boulders 2/Rocks/Source/Textures/Rockdetail3.tif using Guid(85802eac53a318647b463cb048c1639d) Importer(815301076,1909f56bfc062723c751e8b465ee728b)  -> (artifact id: '0bb9dd0804584b68f290ca616c1a148c') in 0.022170 seconds 
========================================================================
Received Import Request.
  Time since last request: 0.000032 seconds.
  path: Assets/Rocks and Boulders 2/Rocks/Source/Textures/Rock6_ao.png
  artifactKey: Guid(caa896f01dbad8a45afa58ec317b8538) Importer(815301076,1909f56bfc062723c751e8b465ee728b)
Start importing Assets/Rocks and Boulders 2/Rocks/Source/Textures/Rock6_ao.png using Guid(caa896f01dbad8a45afa58ec317b8538) Importer(815301076,1909f56bfc062723c751e8b465ee728b)  -> (artifact id: 'aecafe6b1ab011d14a35a8edb6c2a519') in 0.018253 seconds 
========================================================================
Received Import Request.
  Time since last request: 0.000022 seconds.
  path: Assets/Rocks and Boulders 2/Rocks/Source/Textures/Rock1_ao.png
  artifactKey: Guid(ddad99722f2103e4c9a909f6cedf8ea3) Importer(815301076,1909f56bfc062723c751e8b465ee728b)
Start importing Assets/Rocks and Boulders 2/Rocks/Source/Textures/Rock1_ao.png using Guid(ddad99722f2103e4c9a909f6cedf8ea3) Importer(815301076,1909f56bfc062723c751e8b465ee728b)  -> (artifact id: 'eaf88c6bd1324685cdbe9870d51d52cb') in 0.019650 seconds 
========================================================================
Received Import Request.
  Time since last request: 0.000022 seconds.
  path: Assets/Rocks and Boulders 2/Rocks/Source/Textures/Rockdetail8.tif
  artifactKey: Guid(7bf0f3566beb89f4fb8785f70c000c82) Importer(815301076,1909f56bfc062723c751e8b465ee728b)
Start importing Assets/Rocks and Boulders 2/Rocks/Source/Textures/Rockdetail8.tif using Guid(7bf0f3566beb89f4fb8785f70c000c82) Importer(815301076,1909f56bfc062723c751e8b465ee728b)  -> (artifact id: 'e859a934aa7b041425e1fa2d69de85d4') in 0.017260 seconds 
========================================================================
Received Import Request.
  Time since last request: 0.000025 seconds.
  path: Assets/Rocks and Boulders 2/Rocks/Source/Textures/Rock4_h.png
  artifactKey: Guid(a639ed01446aa774992a6d74a1260740) Importer(815301076,1909f56bfc062723c751e8b465ee728b)
Start importing Assets/Rocks and Boulders 2/Rocks/Source/Textures/Rock4_h.png using Guid(a639ed01446aa774992a6d74a1260740) Importer(815301076,1909f56bfc062723c751e8b465ee728b)  -> (artifact id: 'b48b8803adb3b8b92b31f39f5de60751') in 0.020474 seconds 
========================================================================
Received Import Request.
  Time since last request: 0.000024 seconds.
  path: Assets/Rocks and Boulders 2/Rocks/Source/Textures/Rock5_nmp.tif
  artifactKey: Guid(c208f128e624c474bb2241affee1c866) Importer(815301076,1909f56bfc062723c751e8b465ee728b)
Start importing Assets/Rocks and Boulders 2/Rocks/Source/Textures/Rock5_nmp.tif using Guid(c208f128e624c474bb2241affee1c866) Importer(815301076,1909f56bfc062723c751e8b465ee728b)  -> (artifact id: 'cda1d87a62dab63c31f456b6e67dea1c') in 0.021703 seconds 
========================================================================
Received Import Request.
  Time since last request: 0.000029 seconds.
  path: Assets/Rocks and Boulders 2/Rocks/Source/Textures/Rock2_ao.png
  artifactKey: Guid(e33cfde976023144c9866837549818a7) Importer(815301076,1909f56bfc062723c751e8b465ee728b)
Start importing Assets/Rocks and Boulders 2/Rocks/Source/Textures/Rock2_ao.png using Guid(e33cfde976023144c9866837549818a7) Importer(815301076,1909f56bfc062723c751e8b465ee728b)  -> (artifact id: '10398695889d1a1f6c3e36184e72f100') in 0.018134 seconds 
========================================================================
Received Import Request.
  Time since last request: 0.000020 seconds.
  path: Assets/Rocks and Boulders 2/Rocks/Source/Textures/Rock3.tif
  artifactKey: Guid(27cfd5114f148ff49acff242847ce022) Importer(815301076,1909f56bfc062723c751e8b465ee728b)
Start importing Assets/Rocks and Boulders 2/Rocks/Source/Textures/Rock3.tif using Guid(27cfd5114f148ff49acff242847ce022) Importer(815301076,1909f56bfc062723c751e8b465ee728b)  -> (artifact id: '43140d5a8df08523a1028d9435408ea3') in 0.013999 seconds 
========================================================================
Received Import Request.
  Time since last request: 0.000020 seconds.
  path: Assets/Rocks and Boulders 2/Rocks/Source/Textures/Rockdetail1.tif
  artifactKey: Guid(19b818e26c2922a488c06b1fbdae5df3) Importer(815301076,1909f56bfc062723c751e8b465ee728b)
Start importing Assets/Rocks and Boulders 2/Rocks/Source/Textures/Rockdetail1.tif using Guid(19b818e26c2922a488c06b1fbdae5df3) Importer(815301076,1909f56bfc062723c751e8b465ee728b)  -> (artifact id: 'f8fe00955334316560702e1b9bd331ca') in 0.016622 seconds 
========================================================================
Received Import Request.
  Time since last request: 0.000028 seconds.
  path: Assets/Rocks and Boulders 2/Rocks/Source/Textures/Rockdetail10.tif
  artifactKey: Guid(89ee248f3f8054548b2cbf49274c5540) Importer(815301076,1909f56bfc062723c751e8b465ee728b)
Start importing Assets/Rocks and Boulders 2/Rocks/Source/Textures/Rockdetail10.tif using Guid(89ee248f3f8054548b2cbf49274c5540) Importer(815301076,1909f56bfc062723c751e8b465ee728b)  -> (artifact id: '63d203a9e159aa3bf45c3bf2f8549d0e') in 0.016846 seconds 
========================================================================
Received Import Request.
  Time since last request: 20.171969 seconds.
  path: Assets/Rocks and Boulders 2/Rocks/Source/Materials/Legacy/Rock5.mat
  artifactKey: Guid(3e29725df726b3b43942802262aa27e9) Importer(815301076,1909f56bfc062723c751e8b465ee728b)
Start importing Assets/Rocks and Boulders 2/Rocks/Source/Materials/Legacy/Rock5.mat using Guid(3e29725df726b3b43942802262aa27e9) Importer(815301076,1909f56bfc062723c751e8b465ee728b)  -> (artifact id: '6e0cad6fe5eeba026a5879cd75675af8') in 0.030985 seconds 
Editor requested this worker to shutdown with reason: Scaling down because of idle timeout
AssetImportWorker is now disconnected from the server
Process exiting
Exiting without the bug reporter. Application will terminate with return code 0